<?xml version="1.0" encoding="UTF-8"?>
<!-- Generated by org.testng.reporters.JUnitReportReporter -->
<testsuite skipped="0" hostname="LAPTOP-MEFUCMGN" name="com.ecomm.cukes.runner.Home_TestRunner" tests="2" failures="0" timestamp="2021-04-08T20:05:42 IST" time="45.087" errors="0">
  <testcase name="runScenario" time="28.262" classname="com.ecomm.cukes.runner.Home_TestRunner"/>
  <system-out/>
  <testcase name="runScenario" time="16.825" classname="com.ecomm.cukes.runner.Home_TestRunner"/>
  <system-out/>
</testsuite> <!-- com.ecomm.cukes.runner.Home_TestRunner -->
