<?xml version="1.0" encoding="UTF-8"?>
<!-- Generated by org.testng.reporters.JUnitReportReporter -->
<testsuite skipped="0" hostname="LAPTOP-MEFUCMGN" name="com.ecomm.TestCase.AP.CartTest2" tests="2" failures="0" timestamp="2021-04-07T18:07:21 IST" time="9.133" errors="0">
  <testcase name="secondTest" time="3.492" classname="com.ecomm.TestCase.AP.CartTest2"/>
  <system-out/>
  <testcase name="firstTest" time="5.641" classname="com.ecomm.TestCase.AP.CartTest2"/>
  <system-out/>
</testsuite> <!-- com.ecomm.TestCase.AP.CartTest2 -->
