<?xml version="1.0" encoding="UTF-8"?>
<!-- Generated by org.testng.reporters.JUnitReportReporter -->
<testsuite skipped="0" hostname="LAPTOP-MEFUCMGN" name="com.ecomm.TestCase.AP.HomeTest2" tests="3" failures="0" timestamp="2021-04-07T18:07:21 IST" time="28.853" errors="0">
  <testcase name="homePageVerify" time="12.071" classname="com.ecomm.TestCase.AP.HomeTest2"/>
  <system-out/>
  <testcase name="addFirstProductToCart" time="0.731" classname="com.ecomm.TestCase.AP.HomeTest2"/>
  <system-out/>
  <testcase name="verifyProductAddedPageLayout" time="16.051" classname="com.ecomm.TestCase.AP.HomeTest2"/>
  <system-out/>
</testsuite> <!-- com.ecomm.TestCase.AP.HomeTest2 -->
